<?xml version="1.0" encoding="UTF-8"?>
<testsuite name="ru.site.web.controller.GameControllerTest" tests="4" skipped="0" failures="0" errors="0" timestamp="2025-08-11T18:33:55.749Z" hostname="MacBook-Air-Linara.local" time="2.914">
  <properties/>
  <testcase name="testAuthAndCompletedEndpointWithValidToken()" classname="ru.site.web.controller.GameControllerTest" time="0.686"/>
  <testcase name="testInitEndpointWithValidToken()" classname="ru.site.web.controller.GameControllerTest" time="0.639"/>
  <testcase name="testAuthAndAvailableEndpointWithValidToken()" classname="ru.site.web.controller.GameControllerTest" time="0.729"/>
  <testcase name="testAddPlayerWithValidToken()" classname="ru.site.web.controller.GameControllerTest" time="0.859"/>
  <system-out><![CDATA[2025-08-11T21:33:55.737+03:00  INFO 73035 --- [    Test worker] t.c.s.AnnotationConfigContextLoaderUtils : Could not detect default configuration classes for test class [ru.site.web.controller.GameControllerTest]: GameControllerTest does not declare any static, non-private, non-final, nested classes annotated with @Configuration.
2025-08-11T21:33:55.742+03:00  INFO 73035 --- [    Test worker] .b.t.c.SpringBootTestContextBootstrapper : Found @SpringBootConfiguration ru.site.GameApplication for test class ru.site.web.controller.GameControllerTest
Hibernate: select u1_0.id,u1_0.login,u1_0.password from users u1_0 where u1_0.login=?
Hibernate: select r1_0.id,r1_0.role_name from roles r1_0 where r1_0.role_name=?
Hibernate: insert into users (login,password,id) values (?,?,default)
Hibernate: select u1_0.id,u1_0.login,u1_0.password from users u1_0 where u1_0.login=?
Hibernate: select r1_0.id,r1_0.role_name from roles r1_0 where r1_0.role_name=?
Hibernate: insert into users (login,password,id) values (?,?,default)
Hibernate: select u1_0.id,u1_0.login,u1_0.password from users u1_0 where u1_0.login=?
Hibernate: select gs1_0.uuid,gs1_0.current_player_id,gs1_0.created_at,gs1_0.field_store_id,gs1_0.game_type,gs1_0.playeroid,gs1_0.playerxid,gs1_0.status,gs1_0.winner_id from game_store gs1_0 where gs1_0.playerxid=?
Hibernate: select gs1_0.uuid,gs1_0.current_player_id,gs1_0.created_at,gs1_0.field_store_id,gs1_0.game_type,gs1_0.playeroid,gs1_0.playerxid,gs1_0.status,gs1_0.winner_id from game_store gs1_0 where gs1_0.playeroid=?
Hibernate: select u1_0.id,u1_0.login,u1_0.password from users u1_0 where u1_0.login=?
Hibernate: select r1_0.id,r1_0.role_name from roles r1_0 where r1_0.role_name=?
Hibernate: insert into users (login,password,id) values (?,?,default)
Hibernate: select u1_0.id,u1_0.login,u1_0.password from users u1_0 where u1_0.login=?
Hibernate: select r1_0.id,r1_0.role_name from roles r1_0 where r1_0.role_name=?
Hibernate: insert into users (login,password,id) values (?,?,default)
Hibernate: select u1_0.id,u1_0.login,u1_0.password from users u1_0 where u1_0.login=?
Hibernate: select u1_0.id,u1_0.login,u1_0.password from users u1_0 where u1_0.login=?
Hibernate: select gs1_0.uuid,gs1_0.current_player_id,gs1_0.created_at,gs1_0.field_store_id,gs1_0.game_type,gs1_0.playeroid,gs1_0.playerxid,gs1_0.status,gs1_0.winner_id from game_store gs1_0 where gs1_0.uuid is null
Hibernate: insert into field (matrix,id) values (? format json,default)
Hibernate: select u1_0.id,u1_0.login,u1_0.password from users u1_0 where u1_0.login=?
Hibernate: select r1_0.id,r1_0.role_name from roles r1_0 where r1_0.role_name=?
Hibernate: insert into users (login,password,id) values (?,?,default)
Hibernate: select u1_0.id,u1_0.login,u1_0.password from users u1_0 where u1_0.login=?
Hibernate: select r1_0.id,r1_0.role_name from roles r1_0 where r1_0.role_name=?
Hibernate: insert into users (login,password,id) values (?,?,default)
Hibernate: select u1_0.id,u1_0.login,u1_0.password from users u1_0 where u1_0.login=?
Hibernate: select u1_0.id,u1_0.login,u1_0.password from users u1_0 where u1_0.login=?
Hibernate: select gs1_0.uuid,gs1_0.current_player_id,gs1_0.created_at,gs1_0.field_store_id,gs1_0.game_type,gs1_0.playeroid,gs1_0.playerxid,gs1_0.status,gs1_0.winner_id from game_store gs1_0 where gs1_0.playerxid=?
Hibernate: select gs1_0.uuid,gs1_0.current_player_id,gs1_0.created_at,gs1_0.field_store_id,gs1_0.game_type,gs1_0.playeroid,gs1_0.playerxid,gs1_0.status,gs1_0.winner_id from game_store gs1_0 where gs1_0.playeroid=?
Hibernate: select u1_0.id,u1_0.login,u1_0.password from users u1_0 where u1_0.login=?
Hibernate: select r1_0.id,r1_0.role_name from roles r1_0 where r1_0.role_name=?
Hibernate: insert into users (login,password,id) values (?,?,default)
Hibernate: select u1_0.id,u1_0.login,u1_0.password from users u1_0 where u1_0.login=?
Hibernate: select r1_0.id,r1_0.role_name from roles r1_0 where r1_0.role_name=?
Hibernate: insert into users (login,password,id) values (?,?,default)
Hibernate: select u1_0.id,u1_0.login,u1_0.password from users u1_0 where u1_0.login=?
Hibernate: select u1_0.id,u1_0.login,u1_0.password from users u1_0 where u1_0.login=?
Hibernate: select u1_0.id,u1_0.login,u1_0.password from users u1_0 where u1_0.login=?
Hibernate: select gs1_0.uuid,gs1_0.current_player_id,gs1_0.created_at,gs1_0.field_store_id,gs1_0.game_type,gs1_0.playeroid,gs1_0.playerxid,gs1_0.status,gs1_0.winner_id from game_store gs1_0 where gs1_0.uuid is null
Hibernate: insert into field (matrix,id) values (? format json,default)
Hibernate: select u1_0.id,u1_0.login,u1_0.password from users u1_0 where u1_0.login=?
Hibernate: insert into game_store (current_player_id,created_at,field_store_id,game_type,playeroid,playerxid,status,winner_id,uuid) values (?,?,?,?,?,?,?,?,?)
Hibernate: update field set matrix=? format json where id=?
Hibernate: insert into users_roles (user_id,roles_id) values (?,?)
Hibernate: insert into users_roles (user_id,roles_id) values (?,?)
Hibernate: select gs1_0.uuid,gs1_0.current_player_id,gs1_0.created_at,gs1_0.field_store_id,gs1_0.game_type,gs1_0.playeroid,gs1_0.playerxid,gs1_0.status,gs1_0.winner_id from game_store gs1_0 where gs1_0.uuid=?
Hibernate: select gs1_0.uuid,gs1_0.current_player_id,gs1_0.created_at,gs1_0.field_store_id,gs1_0.game_type,gs1_0.playeroid,gs1_0.playerxid,gs1_0.status,gs1_0.winner_id from game_store gs1_0 where gs1_0.uuid=?
Hibernate: insert into field (matrix,id) values (? format json,default)
]]></system-out>
  <system-err><![CDATA[]]></system-err>
</testsuite>
