<?xml version="1.0" encoding="UTF-8"?>
<testsuite name="ru.site.web.controller.AuthControllerTest" tests="3" skipped="0" failures="0" errors="0" timestamp="2025-08-17T22:50:26.507Z" hostname="MacBook-Air-Linara.local" time="1.978">
  <properties/>
  <testcase name="testRegisterFailUserAlreadyExists()" classname="ru.site.web.controller.AuthControllerTest" time="1.152"/>
  <testcase name="testAuthAndInfoEndpointWithValidToken()" classname="ru.site.web.controller.AuthControllerTest" time="0.433"/>
  <testcase name="testRegisterSuccess()" classname="ru.site.web.controller.AuthControllerTest" time="0.392"/>
  <system-out><![CDATA[01:50:22.495 [Test worker] INFO org.springframework.test.context.support.AnnotationConfigContextLoaderUtils -- Could not detect default configuration classes for test class [ru.site.web.controller.AuthControllerTest]: AuthControllerTest does not declare any static, non-private, non-final, nested classes annotated with @Configuration.
01:50:22.584 [Test worker] INFO org.springframework.boot.test.context.SpringBootTestContextBootstrapper -- Found @SpringBootConfiguration ru.site.GameApplication for test class ru.site.web.controller.AuthControllerTest

  .   ____          _            __ _ _
 /\\ / ___'_ __ _ _(_)_ __  __ _ \ \ \ \
( ( )\___ | '_ | '_| | '_ \/ _` | \ \ \ \
 \\/  ___)| |_)| | | | | || (_| |  ) ) ) )
  '  |____| .__|_| |_|_| |_\__, | / / / /
 =========|_|==============|___/=/_/_/_/
 :: Spring Boot ::                (v3.2.5)

2025-08-18T01:50:22.888+03:00  INFO 7255 --- [    Test worker] r.s.web.controller.AuthControllerTest    : Starting AuthControllerTest using Java 21.0.8 with PID 7255 (started by linara in /Users/linara/Desktop/DO/tic-tac-toe-API)
2025-08-18T01:50:22.889+03:00  INFO 7255 --- [    Test worker] r.s.web.controller.AuthControllerTest    : The following 1 profile is active: "test"
2025-08-18T01:50:23.590+03:00  INFO 7255 --- [    Test worker] .s.d.r.c.RepositoryConfigurationDelegate : Bootstrapping Spring Data JPA repositories in DEFAULT mode.
2025-08-18T01:50:23.634+03:00  INFO 7255 --- [    Test worker] .s.d.r.c.RepositoryConfigurationDelegate : Finished Spring Data repository scanning in 38 ms. Found 4 JPA repository interfaces.
2025-08-18T01:50:23.988+03:00  INFO 7255 --- [    Test worker] o.hibernate.jpa.internal.util.LogHelper  : HHH000204: Processing PersistenceUnitInfo [name: default]
2025-08-18T01:50:24.032+03:00  INFO 7255 --- [    Test worker] org.hibernate.Version                    : HHH000412: Hibernate ORM core version 6.4.4.Final
2025-08-18T01:50:24.055+03:00  INFO 7255 --- [    Test worker] o.h.c.internal.RegionFactoryInitiator    : HHH000026: Second-level cache disabled
2025-08-18T01:50:24.225+03:00  INFO 7255 --- [    Test worker] o.s.o.j.p.SpringPersistenceUnitInfo      : No LoadTimeWeaver setup: ignoring JPA class transformer
2025-08-18T01:50:24.243+03:00  INFO 7255 --- [    Test worker] com.zaxxer.hikari.HikariDataSource       : HikariPool-1 - Starting...
2025-08-18T01:50:24.436+03:00  INFO 7255 --- [    Test worker] com.zaxxer.hikari.pool.HikariPool        : HikariPool-1 - Added connection conn0: url=jdbc:h2:mem:testdb user=SA
2025-08-18T01:50:24.437+03:00  INFO 7255 --- [    Test worker] com.zaxxer.hikari.HikariDataSource       : HikariPool-1 - Start completed.
2025-08-18T01:50:24.459+03:00  WARN 7255 --- [    Test worker] org.hibernate.orm.deprecation            : HHH90000025: H2Dialect does not need to be specified explicitly using 'hibernate.dialect' (remove the property setting and it will be selected by default)
2025-08-18T01:50:25.192+03:00  INFO 7255 --- [    Test worker] o.h.e.t.j.p.i.JtaPlatformInitiator       : HHH000489: No JTA platform available (set 'hibernate.transaction.jta.platform' to enable JTA platform integration)
2025-08-18T01:50:25.238+03:00  INFO 7255 --- [    Test worker] j.LocalContainerEntityManagerFactoryBean : Initialized JPA EntityManagerFactory for persistence unit 'default'
2025-08-18T01:50:25.533+03:00  INFO 7255 --- [    Test worker] o.s.d.j.r.query.QueryEnhancerFactory     : Hibernate is in classpath; If applicable, HQL parser will be used.
2025-08-18T01:50:25.652+03:00  WARN 7255 --- [    Test worker] JpaBaseConfiguration$JpaWebConfiguration : spring.jpa.open-in-view is enabled by default. Therefore, database queries may be performed during view rendering. Explicitly configure spring.jpa.open-in-view to disable this warning
2025-08-18T01:50:25.667+03:00  WARN 7255 --- [    Test worker] .s.s.UserDetailsServiceAutoConfiguration : 

Using generated security password: eb43064f-49f4-4137-9da2-ebe58f8f1fbd

This generated password is for development use only. Your security configuration must be updated before running your application in production.

2025-08-18T01:50:25.918+03:00  INFO 7255 --- [    Test worker] o.s.s.web.DefaultSecurityFilterChain     : Will secure any request with [org.springframework.security.web.session.DisableEncodeUrlFilter@475753dd, org.springframework.security.web.context.request.async.WebAsyncManagerIntegrationFilter@9203db8, org.springframework.security.web.context.SecurityContextHolderFilter@35129b9e, org.springframework.security.web.header.HeaderWriterFilter@5529fd4e, org.springframework.web.filter.CorsFilter@64d0b8e3, org.springframework.security.web.authentication.logout.LogoutFilter@65630116, ru.site.security.filter.AuthFilter@5834298c, org.springframework.security.web.savedrequest.RequestCacheAwareFilter@2297c8bf, org.springframework.security.web.servletapi.SecurityContextHolderAwareRequestFilter@154fcedd, org.springframework.security.web.authentication.AnonymousAuthenticationFilter@65d3a83, org.springframework.security.web.access.ExceptionTranslationFilter@7712c315, org.springframework.security.web.access.intercept.AuthorizationFilter@74474fc0]
2025-08-18T01:50:26.228+03:00  INFO 7255 --- [    Test worker] o.s.b.t.m.w.SpringBootMockServletContext : Initializing Spring TestDispatcherServlet ''
2025-08-18T01:50:26.228+03:00  INFO 7255 --- [    Test worker] o.s.t.web.servlet.TestDispatcherServlet  : Initializing Servlet ''
2025-08-18T01:50:26.232+03:00  INFO 7255 --- [    Test worker] o.s.t.web.servlet.TestDispatcherServlet  : Completed initialization in 3 ms
2025-08-18T01:50:26.275+03:00  INFO 7255 --- [    Test worker] r.s.web.controller.AuthControllerTest    : Started AuthControllerTest in 3.582 seconds (process running for 4.464)
]]></system-out>
  <system-err><![CDATA[WARNING: A Java agent has been loaded dynamically (/Users/linara/.gradle/caches/modules-2/files-2.1/net.bytebuddy/byte-buddy-agent/1.14.13/979ce25f7d3096a2e82214ba7dc972a05ce7a171/byte-buddy-agent-1.14.13.jar)
WARNING: If a serviceability tool is in use, please run with -XX:+EnableDynamicAgentLoading to hide this warning
WARNING: If a serviceability tool is not in use, please run with -Djdk.instrument.traceUsage for more information
WARNING: Dynamic loading of agents will be disallowed by default in a future release
]]></system-err>
</testsuite>
