<?xml version="1.0" encoding="UTF-8"?>
<testsuite name="ru.site.web.controller.GameControllerTest" tests="4" skipped="0" failures="0" errors="0" timestamp="2025-08-17T22:50:28.494Z" hostname="MacBook-Air-Linara.local" time="1.842">
  <properties/>
  <testcase name="testAuthAndCompletedEndpointWithValidToken()" classname="ru.site.web.controller.GameControllerTest" time="0.403"/>
  <testcase name="testInitEndpointWithValidToken()" classname="ru.site.web.controller.GameControllerTest" time="0.425"/>
  <testcase name="testAuthAndAvailableEndpointWithValidToken()" classname="ru.site.web.controller.GameControllerTest" time="0.396"/>
  <testcase name="testAddPlayerWithValidToken()" classname="ru.site.web.controller.GameControllerTest" time="0.618"/>
  <system-out><![CDATA[2025-08-18T01:50:28.489+03:00  INFO 7255 --- [    Test worker] t.c.s.AnnotationConfigContextLoaderUtils : Could not detect default configuration classes for test class [ru.site.web.controller.GameControllerTest]: GameControllerTest does not declare any static, non-private, non-final, nested classes annotated with @Configuration.
2025-08-18T01:50:28.491+03:00  INFO 7255 --- [    Test worker] .b.t.c.SpringBootTestContextBootstrapper : Found @SpringBootConfiguration ru.site.GameApplication for test class ru.site.web.controller.GameControllerTest
]]></system-out>
  <system-err><![CDATA[]]></system-err>
</testsuite>
