<?xml version="1.0" encoding="UTF-8"?>
<testsuite name="ru.site.web.controller.AuthControllerTest" tests="3" skipped="0" failures="0" errors="0" timestamp="2025-08-11T18:33:52.205Z" hostname="MacBook-Air-Linara.local" time="3.524">
  <properties/>
  <testcase name="testRegisterFailUserAlreadyExists()" classname="ru.site.web.controller.AuthControllerTest" time="1.965"/>
  <testcase name="testAuthAndInfoEndpointWithValidToken()" classname="ru.site.web.controller.AuthControllerTest" time="0.898"/>
  <testcase name="testRegisterSuccess()" classname="ru.site.web.controller.AuthControllerTest" time="0.658"/>
  <system-out><![CDATA[21:33:43.925 [Test worker] INFO org.springframework.test.context.support.AnnotationConfigContextLoaderUtils -- Could not detect default configuration classes for test class [ru.site.web.controller.AuthControllerTest]: AuthControllerTest does not declare any static, non-private, non-final, nested classes annotated with @Configuration.
21:33:44.165 [Test worker] INFO org.springframework.boot.test.context.SpringBootTestContextBootstrapper -- Found @SpringBootConfiguration ru.site.GameApplication for test class ru.site.web.controller.AuthControllerTest

  .   ____          _            __ _ _
 /\\ / ___'_ __ _ _(_)_ __  __ _ \ \ \ \
( ( )\___ | '_ | '_| | '_ \/ _` | \ \ \ \
 \\/  ___)| |_)| | | | | || (_| |  ) ) ) )
  '  |____| .__|_| |_|_| |_\__, | / / / /
 =========|_|==============|___/=/_/_/_/
 :: Spring Boot ::                (v3.2.5)

2025-08-11T21:33:44.890+03:00  INFO 73035 --- [    Test worker] r.s.web.controller.AuthControllerTest    : Starting AuthControllerTest using Java 21.0.8 with PID 73035 (started by linara in /Users/linara/Desktop/DO/tic-tac-toe-API)
2025-08-11T21:33:44.892+03:00  INFO 73035 --- [    Test worker] r.s.web.controller.AuthControllerTest    : The following 1 profile is active: "test"
2025-08-11T21:33:46.311+03:00  INFO 73035 --- [    Test worker] .s.d.r.c.RepositoryConfigurationDelegate : Bootstrapping Spring Data JPA repositories in DEFAULT mode.
2025-08-11T21:33:46.410+03:00  INFO 73035 --- [    Test worker] .s.d.r.c.RepositoryConfigurationDelegate : Finished Spring Data repository scanning in 86 ms. Found 4 JPA repository interfaces.
2025-08-11T21:33:47.331+03:00  INFO 73035 --- [    Test worker] o.hibernate.jpa.internal.util.LogHelper  : HHH000204: Processing PersistenceUnitInfo [name: default]
2025-08-11T21:33:47.429+03:00  INFO 73035 --- [    Test worker] org.hibernate.Version                    : HHH000412: Hibernate ORM core version 6.4.4.Final
2025-08-11T21:33:47.500+03:00  INFO 73035 --- [    Test worker] o.h.c.internal.RegionFactoryInitiator    : HHH000026: Second-level cache disabled
2025-08-11T21:33:47.875+03:00  INFO 73035 --- [    Test worker] o.s.o.j.p.SpringPersistenceUnitInfo      : No LoadTimeWeaver setup: ignoring JPA class transformer
2025-08-11T21:33:47.915+03:00  INFO 73035 --- [    Test worker] com.zaxxer.hikari.HikariDataSource       : HikariPool-1 - Starting...
2025-08-11T21:33:48.222+03:00  INFO 73035 --- [    Test worker] com.zaxxer.hikari.pool.HikariPool        : HikariPool-1 - Added connection conn0: url=jdbc:h2:mem:testdb user=SA
2025-08-11T21:33:48.224+03:00  INFO 73035 --- [    Test worker] com.zaxxer.hikari.HikariDataSource       : HikariPool-1 - Start completed.
2025-08-11T21:33:48.263+03:00  WARN 73035 --- [    Test worker] org.hibernate.orm.deprecation            : HHH90000025: H2Dialect does not need to be specified explicitly using 'hibernate.dialect' (remove the property setting and it will be selected by default)
2025-08-11T21:33:49.766+03:00  INFO 73035 --- [    Test worker] o.h.e.t.j.p.i.JtaPlatformInitiator       : HHH000489: No JTA platform available (set 'hibernate.transaction.jta.platform' to enable JTA platform integration)
Hibernate: drop table if exists field cascade 
Hibernate: drop table if exists game_store cascade 
Hibernate: drop table if exists leaders cascade 
Hibernate: drop table if exists roles cascade 
Hibernate: drop table if exists users cascade 
Hibernate: drop table if exists users_roles cascade 
Hibernate: create table field (id bigint generated by default as identity, matrix jsonb, primary key (id))
Hibernate: create table game_store (created_at timestamp(6) not null, current_player_id bigint, field_store_id bigint unique, playeroid bigint, playerxid bigint, winner_id bigint, uuid uuid not null, game_type varchar(255) check (game_type in ('HVS_H','HVS_C')), status varchar(255) check (status in ('WAITING','IN_PROGRESS','WINNING','DRAW')), primary key (uuid))
Hibernate: create table leaders (win_ratio float(53), id bigint generated by default as identity, user_id bigint unique, primary key (id))
Hibernate: create table roles (id bigint generated by default as identity, role_name varchar(255) not null unique check (role_name in ('USER','ADMIN')), primary key (id))
Hibernate: create table users (id bigint generated by default as identity, login varchar(255) not null unique, password varchar(255) not null, primary key (id))
Hibernate: create table users_roles (roles_id bigint not null, user_id bigint not null)
Hibernate: alter table if exists game_store add constraint FKteo06sq1ntgv16uc2veap6tl4 foreign key (field_store_id) references field
Hibernate: alter table if exists leaders add constraint FK1daqh49s06snakx3qnmqv7kaa foreign key (user_id) references users
Hibernate: alter table if exists users_roles add constraint FKa62j07k5mhgifpp955h37ponj foreign key (roles_id) references roles
Hibernate: alter table if exists users_roles add constraint FK2o0jvgh89lemvvo17cbqvdxaa foreign key (user_id) references users
2025-08-11T21:33:49.863+03:00  INFO 73035 --- [    Test worker] j.LocalContainerEntityManagerFactoryBean : Initialized JPA EntityManagerFactory for persistence unit 'default'
2025-08-11T21:33:50.457+03:00  INFO 73035 --- [    Test worker] o.s.d.j.r.query.QueryEnhancerFactory     : Hibernate is in classpath; If applicable, HQL parser will be used.
2025-08-11T21:33:50.688+03:00  WARN 73035 --- [    Test worker] JpaBaseConfiguration$JpaWebConfiguration : spring.jpa.open-in-view is enabled by default. Therefore, database queries may be performed during view rendering. Explicitly configure spring.jpa.open-in-view to disable this warning
2025-08-11T21:33:50.718+03:00  WARN 73035 --- [    Test worker] .s.s.UserDetailsServiceAutoConfiguration : 

Using generated security password: cdb1346a-ab44-4e4a-9db1-f57d8e555f25

This generated password is for development use only. Your security configuration must be updated before running your application in production.

2025-08-11T21:33:51.193+03:00  INFO 73035 --- [    Test worker] o.s.s.web.DefaultSecurityFilterChain     : Will secure any request with [org.springframework.security.web.session.DisableEncodeUrlFilter@475753dd, org.springframework.security.web.context.request.async.WebAsyncManagerIntegrationFilter@9203db8, org.springframework.security.web.context.SecurityContextHolderFilter@35129b9e, org.springframework.security.web.header.HeaderWriterFilter@5529fd4e, org.springframework.web.filter.CorsFilter@64d0b8e3, org.springframework.security.web.authentication.logout.LogoutFilter@65630116, ru.site.security.filter.AuthFilter@5834298c, org.springframework.security.web.savedrequest.RequestCacheAwareFilter@2297c8bf, org.springframework.security.web.servletapi.SecurityContextHolderAwareRequestFilter@154fcedd, org.springframework.security.web.authentication.AnonymousAuthenticationFilter@65d3a83, org.springframework.security.web.access.ExceptionTranslationFilter@7712c315, org.springframework.security.web.access.intercept.AuthorizationFilter@74474fc0]
2025-08-11T21:33:51.804+03:00  INFO 73035 --- [    Test worker] o.s.b.t.m.w.SpringBootMockServletContext : Initializing Spring TestDispatcherServlet ''
2025-08-11T21:33:51.804+03:00  INFO 73035 --- [    Test worker] o.s.t.web.servlet.TestDispatcherServlet  : Initializing Servlet ''
2025-08-11T21:33:51.806+03:00  INFO 73035 --- [    Test worker] o.s.t.web.servlet.TestDispatcherServlet  : Completed initialization in 1 ms
2025-08-11T21:33:51.866+03:00  INFO 73035 --- [    Test worker] r.s.web.controller.AuthControllerTest    : Started AuthControllerTest in 7.477 seconds (process running for 9.541)
Hibernate: select r1_0.id,r1_0.role_name from roles r1_0 where r1_0.role_name=?
Hibernate: insert into roles (role_name,id) values (?,default)
Hibernate: select r1_0.id,r1_0.role_name from roles r1_0 where r1_0.role_name=?
Hibernate: insert into roles (role_name,id) values (?,default)
Hibernate: select u1_0.id,u1_0.login,u1_0.password from users u1_0 where u1_0.login=?
Hibernate: select r1_0.id,r1_0.role_name from roles r1_0 where r1_0.role_name=?
Hibernate: insert into users (login,password,id) values (?,?,default)
Hibernate: select u1_0.id,u1_0.login,u1_0.password from users u1_0 where u1_0.login=?
Hibernate: select r1_0.id,r1_0.role_name from roles r1_0 where r1_0.role_name=?
Hibernate: insert into users (login,password,id) values (?,?,default)
Hibernate: select u1_0.id,u1_0.login,u1_0.password from users u1_0 where u1_0.login=?
Hibernate: select u1_0.id,u1_0.login,u1_0.password from users u1_0 where u1_0.login=?
Hibernate: select r1_0.id,r1_0.role_name from roles r1_0 where r1_0.role_name=?
Hibernate: insert into users (login,password,id) values (?,?,default)
Hibernate: select u1_0.id,u1_0.login,u1_0.password from users u1_0 where u1_0.login=?
Hibernate: select r1_0.id,r1_0.role_name from roles r1_0 where r1_0.role_name=?
Hibernate: insert into users (login,password,id) values (?,?,default)
Hibernate: select u1_0.id,u1_0.login,u1_0.password from users u1_0 where u1_0.login=?
Hibernate: select u1_0.id,u1_0.login,u1_0.password from users u1_0 where u1_0.login=?
Hibernate: select u1_0.id,u1_0.login,u1_0.password from users u1_0 where u1_0.login=?
Hibernate: select r1_0.id,r1_0.role_name from roles r1_0 where r1_0.role_name=?
Hibernate: insert into users (login,password,id) values (?,?,default)
Hibernate: select u1_0.id,u1_0.login,u1_0.password from users u1_0 where u1_0.login=?
Hibernate: select r1_0.id,r1_0.role_name from roles r1_0 where r1_0.role_name=?
Hibernate: insert into users (login,password,id) values (?,?,default)
Hibernate: select u1_0.id,u1_0.login,u1_0.password from users u1_0 where u1_0.login=?
Hibernate: select r1_0.id,r1_0.role_name from roles r1_0 where r1_0.role_name=?
Hibernate: insert into users (login,password,id) values (?,?,default)
]]></system-out>
  <system-err><![CDATA[WARNING: A Java agent has been loaded dynamically (/Users/linara/.gradle/caches/modules-2/files-2.1/net.bytebuddy/byte-buddy-agent/1.14.13/979ce25f7d3096a2e82214ba7dc972a05ce7a171/byte-buddy-agent-1.14.13.jar)
WARNING: If a serviceability tool is in use, please run with -XX:+EnableDynamicAgentLoading to hide this warning
WARNING: If a serviceability tool is not in use, please run with -Djdk.instrument.traceUsage for more information
WARNING: Dynamic loading of agents will be disallowed by default in a future release
]]></system-err>
</testsuite>
